t:       220 | (T139713459701568) G0 created.
t:       423 | (T139713459701568) G1 created.
t:       445 | (T139713459697408) G0 arrived at area (0, 0).
t:       499 | (T139713459701568) G2 created.
t:       544 | (T139713451304704) G1 arrived at area (2, 0).
t:       599 | (T139713442912000) G2 arrived at area (0, 3).
t:    200705 | (T139713451304704) G1 gathered a cigbutt from (2, 0).
t:    250760 | (T139713442912000) G2 gathered a cigbutt from (0, 3).
t:    300613 | (T139713459697408) G0 gathered a cigbutt from (0, 0).
t:    400962 | (T139713451304704) G1 gathered a cigbutt from (2, 0).
t:    500920 | (T139713442912000) G2 gathered a cigbutt from (0, 3).
t:    600718 | (T139713459697408) G0 gathered a cigbutt from (0, 0).
t:    601088 | (T139713451304704) G1 gathered a cigbutt from (2, 0).
t:    751085 | (T139713442912000) G2 gathered a cigbutt from (0, 3).
t:    801247 | (T139713451304704) G1 gathered a cigbutt from (2, 0).
t:    900881 | (T139713459697408) G0 gathered a cigbutt from (0, 0).
t:   1001253 | (T139713442912000) G2 gathered a cigbutt from (0, 3).
t:   1001338 | (T139713451304704) G1 gathered a cigbutt from (2, 0).
t:   1200989 | (T139713459697408) G0 gathered a cigbutt from (0, 0).
t:   1201407 | (T139713451304704) G1 gathered a cigbutt from (2, 0).
t:   1251419 | (T139713442912000) G2 gathered a cigbutt from (0, 3).
t:   1401537 | (T139713451304704) G1 gathered a cigbutt from (2, 0).
t:   1501194 | (T139713459697408) G0 gathered a cigbutt from (0, 0).
t:   1501587 | (T139713442912000) G2 gathered a cigbutt from (0, 3).
t:   1601689 | (T139713451304704) G1 gathered a cigbutt from (2, 1).
t:   1751754 | (T139713442912000) G2 gathered a cigbutt from (0, 3).
t:   1801365 | (T139713459697408) G0 gathered a cigbutt from (0, 0).
t:   1801854 | (T139713451304704) G1 gathered a cigbutt from (2, 1).
t:   2001923 | (T139713442912000) G2 gathered a cigbutt from (0, 4).
t:   2001990 | (T139713451304704) G1 gathered a cigbutt from (2, 1).
t:   2101466 | (T139713459697408) G0 gathered a cigbutt from (0, 0).
t:   2202221 | (T139713451304704) G1 gathered a cigbutt from (2, 1).
t:   2252090 | (T139713442912000) G2 gathered a cigbutt from (0, 4).
t:   2401637 | (T139713459697408) G0 gathered a cigbutt from (0, 1).
t:   2402384 | (T139713451304704) G1 gathered a cigbutt from (2, 1).
t:   2502259 | (T139713442912000) G2 gathered a cigbutt from (0, 4).
t:   2602479 | (T139713451304704) G1 gathered a cigbutt from (2, 1).
t:   2701754 | (T139713459697408) G0 gathered a cigbutt from (0, 1).
t:   2752355 | (T139713442912000) G2 gathered a cigbutt from (0, 4).
t:   2802579 | (T139713451304704) G1 gathered a cigbutt from (2, 1).
t:   3002128 | (T139713459697408) G0 gathered a cigbutt from (0, 1).
t:   3002785 | (T139713442912000) G2 gathered a cigbutt from (0, 4).
t:   3002792 | (T139713451304704) G1 gathered a cigbutt from (2, 2).
t:   3203180 | (T139713451304704) G1 gathered a cigbutt from (2, 2).
t:   3252885 | (T139713442912000) G2 gathered a cigbutt from (0, 4).
t:   3302540 | (T139713459697408) G0 gathered a cigbutt from (0, 1).
t:   3403350 | (T139713451304704) G1 gathered a cigbutt from (2, 2).
t:   3503048 | (T139713442912000) G2 gathered a cigbutt from (0, 4).
t:   3602703 | (T139713459697408) G0 gathered a cigbutt from (0, 1).
t:   3603521 | (T139713451304704) G1 gathered a cigbutt from (2, 2).
t:   3753234 | (T139713442912000) G2 gathered a cigbutt from (1, 3).
t:   3803671 | (T139713451304704) G1 gathered a cigbutt from (2, 2).
t:   3902875 | (T139713459697408) G0 gathered a cigbutt from (0, 1).
t:   4003468 | (T139713442912000) G2 gathered a cigbutt from (1, 3).
t:   4003909 | (T139713451304704) G1 gathered a cigbutt from (2, 2).
t:   4203043 | (T139713459697408) G0 gathered a cigbutt from (0, 1).
t:   4204063 | (T139713451304704) G1 gathered a cigbutt from (2, 2).
t:   4253609 | (T139713442912000) G2 gathered a cigbutt from (1, 3).
t:   4404229 | (T139713451304704) G1 gathered a cigbutt from (3, 0).
t:   4503208 | (T139713459697408) G0 gathered a cigbutt from (1, 0).
t:   4503777 | (T139713442912000) G2 gathered a cigbutt from (1, 3).
t:   4604320 | (T139713451304704) G1 gathered a cigbutt from (3, 0).
t:   4754003 | (T139713442912000) G2 gathered a cigbutt from (1, 3).
t:   4803370 | (T139713459697408) G0 gathered a cigbutt from (1, 0).
t:   4804485 | (T139713451304704) G1 gathered a cigbutt from (3, 0).
t:   5004089 | (T139713442912000) G2 gathered a cigbutt from (1, 3).
t:   5004585 | (T139713451304704) G1 gathered a cigbutt from (3, 0).
t:   5103627 | (T139713459697408) G0 gathered a cigbutt from (1, 0).
t:   5204751 | (T139713451304704) G1 gathered a cigbutt from (3, 0).
t:   5254223 | (T139713442912000) G2 gathered a cigbutt from (1, 3).
t:   5403957 | (T139713459697408) G0 gathered a cigbutt from (1, 0).
t:   5404946 | (T139713451304704) G1 gathered a cigbutt from (3, 0).
t:   5504378 | (T139713442912000) G2 gathered a cigbutt from (1, 4).
t:   5605082 | (T139713451304704) G1 gathered a cigbutt from (3, 0).
t:   5704117 | (T139713459697408) G0 gathered a cigbutt from (1, 0).
t:   5754524 | (T139713442912000) G2 gathered a cigbutt from (1, 4).
t:   5805163 | (T139713451304704) G1 gathered a cigbutt from (3, 1).
t:   6004257 | (T139713459697408) G0 gathered a cigbutt from (1, 0).
t:   6004659 | (T139713442912000) G2 gathered a cigbutt from (1, 4).
t:   6005225 | (T139713451304704) G1 gathered a cigbutt from (3, 1).
t:   6205307 | (T139713451304704) G1 gathered a cigbutt from (3, 1).
t:   6254790 | (T139713442912000) G2 gathered a cigbutt from (1, 4).
t:   6304394 | (T139713459697408) G0 gathered a cigbutt from (1, 0).
t:   6405392 | (T139713451304704) G1 gathered a cigbutt from (3, 1).
t:   6504974 | (T139713442912000) G2 gathered a cigbutt from (1, 4).
t:   6604521 | (T139713459697408) G0 gathered a cigbutt from (1, 1).
t:   6605502 | (T139713451304704) G1 gathered a cigbutt from (3, 1).
t:   6755142 | (T139713442912000) G2 gathered a cigbutt from (1, 4).
t:   6805647 | (T139713451304704) G1 gathered a cigbutt from (3, 1).
t:   6904684 | (T139713459697408) G0 gathered a cigbutt from (1, 1).
t:   7005307 | (T139713442912000) G2 gathered a cigbutt from (1, 4).
t:   7005817 | (T139713451304704) G1 gathered a cigbutt from (3, 1).
t:   7204829 | (T139713459697408) G0 gathered a cigbutt from (1, 1).
t:   7205953 | (T139713451304704) G1 gathered a cigbutt from (3, 2).
t:   7255476 | (T139713442912000) G2 gathered a cigbutt from (2, 3).
t:   7406095 | (T139713451304704) G1 gathered a cigbutt from (3, 2).
t:   7504973 | (T139713459697408) G0 gathered a cigbutt from (1, 1).
t:   7505595 | (T139713442912000) G2 gathered a cigbutt from (2, 3).
t:   7606229 | (T139713451304704) G1 gathered a cigbutt from (3, 2).
t:   7755739 | (T139713442912000) G2 gathered a cigbutt from (2, 3).
t:   7805116 | (T139713459697408) G0 gathered a cigbutt from (1, 1).
t:   7806363 | (T139713451304704) G1 gathered a cigbutt from (3, 2).
t:   8005904 | (T139713442912000) G2 gathered a cigbutt from (2, 3).
t:   8006527 | (T139713451304704) G1 gathered a cigbutt from (3, 2).
t:   8105288 | (T139713459697408) G0 gathered a cigbutt from (1, 1).
t:   8206698 | (T139713451304704) G1 gathered a cigbutt from (3, 2).
t:   8256081 | (T139713442912000) G2 gathered a cigbutt from (2, 3).
t:   8405446 | (T139713459697408) G0 gathered a cigbutt from (1, 1).
t:   8405458 | (T139713459697408) G0 cleared the current area and left.
t:   8405464 | (T139713459697408) G0 finished cleaning and exited.
t:   8406865 | (T139713451304704) G1 gathered a cigbutt from (3, 2).
t:   8406877 | (T139713451304704) G1 cleared the current area and left.
t:   8406890 | (T139713451304704) G1 arrived at area (1, 0).
t:   8506250 | (T139713442912000) G2 gathered a cigbutt from (2, 3).
t:   8607053 | (T139713451304704) G1 gathered a cigbutt from (1, 2).
t:   8756415 | (T139713442912000) G2 gathered a cigbutt from (2, 3).
t:   8807192 | (T139713451304704) G1 gathered a cigbutt from (1, 2).
t:   9006585 | (T139713442912000) G2 gathered a cigbutt from (2, 4).
t:   9007360 | (T139713451304704) G1 gathered a cigbutt from (1, 2).
t:   9207531 | (T139713451304704) G1 gathered a cigbutt from (1, 2).
t:   9256751 | (T139713442912000) G2 gathered a cigbutt from (2, 4).
t:   9407731 | (T139713451304704) G1 gathered a cigbutt from (1, 2).
t:   9506984 | (T139713442912000) G2 gathered a cigbutt from (2, 4).
t:   9607898 | (T139713451304704) G1 gathered a cigbutt from (1, 2).
t:   9757241 | (T139713442912000) G2 gathered a cigbutt from (2, 4).
t:   9808071 | (T139713451304704) G1 gathered a cigbutt from (1, 2).
t:   9808082 | (T139713451304704) G1 cleared the current area and left.
t:   9808088 | (T139713451304704) G1 finished cleaning and exited.
t:  10007388 | (T139713442912000) G2 gathered a cigbutt from (2, 4).
t:  10257557 | (T139713442912000) G2 gathered a cigbutt from (2, 4).
t:  10507720 | (T139713442912000) G2 gathered a cigbutt from (2, 4).
t:  10757865 | (T139713442912000) G2 gathered a cigbutt from (3, 3).
t:  11008026 | (T139713442912000) G2 gathered a cigbutt from (3, 3).
t:  11258179 | (T139713442912000) G2 gathered a cigbutt from (3, 3).
t:  11508341 | (T139713442912000) G2 gathered a cigbutt from (3, 3).
t:  11758511 | (T139713442912000) G2 gathered a cigbutt from (3, 3).
t:  12008680 | (T139713442912000) G2 gathered a cigbutt from (3, 3).
t:  12259111 | (T139713442912000) G2 gathered a cigbutt from (3, 3).
t:  12509251 | (T139713442912000) G2 gathered a cigbutt from (3, 4).
t:  12759388 | (T139713442912000) G2 gathered a cigbutt from (3, 4).
t:  13009530 | (T139713442912000) G2 gathered a cigbutt from (3, 4).
t:  13259694 | (T139713442912000) G2 gathered a cigbutt from (3, 4).
t:  13509845 | (T139713442912000) G2 gathered a cigbutt from (3, 4).
t:  13760009 | (T139713442912000) G2 gathered a cigbutt from (3, 4).
t:  14010177 | (T139713442912000) G2 gathered a cigbutt from (3, 4).
t:  14260347 | (T139713442912000) G2 gathered a cigbutt from (4, 3).
t:  14510500 | (T139713442912000) G2 gathered a cigbutt from (4, 3).
t:  14760646 | (T139713442912000) G2 gathered a cigbutt from (4, 3).
t:  15010797 | (T139713442912000) G2 gathered a cigbutt from (4, 3).
t:  15260970 | (T139713442912000) G2 gathered a cigbutt from (4, 3).
t:  15511143 | (T139713442912000) G2 gathered a cigbutt from (4, 3).
t:  15761321 | (T139713442912000) G2 gathered a cigbutt from (4, 3).
t:  16011466 | (T139713442912000) G2 gathered a cigbutt from (4, 4).
t:  16261542 | (T139713442912000) G2 gathered a cigbutt from (4, 4).
t:  16511671 | (T139713442912000) G2 gathered a cigbutt from (4, 4).
t:  16761747 | (T139713442912000) G2 gathered a cigbutt from (4, 4).
t:  17011854 | (T139713442912000) G2 gathered a cigbutt from (4, 4).
t:  17261920 | (T139713442912000) G2 gathered a cigbutt from (4, 4).
t:  17512030 | (T139713442912000) G2 gathered a cigbutt from (4, 4).
t:  17512036 | (T139713442912000) G2 cleared the current area and left.
t:  17512040 | (T139713442912000) G2 finished cleaning and exited.
